<?xml version="1.0" encoding="UTF-8"?>
<!-- Generated by org.testng.reporters.JUnitXMLReporter -->
<testsuite hostname="LAPTOP-4TNPC4AC" ignored="0" name="Test" tests="3" failures="1" timestamp="2020-11-26T20:55:17 CAT" time="39.19" errors="0">
  <testcase name="logoPresent" time="0.615" classname="practice.AllureReporting.Tests"/>
  <testcase name="loginTest" time="10.474" classname="practice.AllureReporting.Tests">
    <failure type="java.lang.AssertionError" message="expected [nopCommerce demo store123] but found [nopCommerce demo store. Login]">
      <![CDATA[java.lang.AssertionError: expected [nopCommerce demo store123] but found [nopCommerce demo store. Login]
at practice.AllureReporting.Tests.loginTest(Tests.java:60)
at java.util.ArrayList.forEach(Unknown Source)
... Removed 35 stack frames]]>
    </failure>
  </testcase> <!-- loginTest -->
  <testcase name="registrationTest" time="0.004" classname="practice.AllureReporting.Tests">
    <skipped/>
  </testcase> <!-- registrationTest -->
</testsuite> <!-- Test -->
